May 14, 2024 > 16:28:30 |  INFO  Getting info of users...
May 14, 2024 > 17:54:10 |  INFO  Getting info of users...
May 14, 2024 > 18:16:47 |  WARNING  Username was already present..
May 14, 2024 > 19:01:08 |  INFO  Request method: PATCH - /update_user/2  endpoint is called by id:2
May 14, 2024 > 19:01:28 |  INFO  Request method: PATCH - /update_user/2  endpoint is called by id:2
May 14, 2024 > 20:29:37 |  INFO  form data is %s
May 14, 2024 > 20:29:38 |  INFO  access token of username is %s: 
May 14, 2024 > 20:29:38 |  INFO  refresh_token of username is %s: 
May 14, 2024 > 20:31:50 |  INFO  form data is %s
May 14, 2024 > 20:31:56 |  INFO  form data is %s
May 14, 2024 > 20:32:18 |  INFO  form data is %s
May 14, 2024 > 20:32:25 |  INFO  form data is %s
May 14, 2024 > 20:32:26 |  INFO  form data is %s
May 14, 2024 > 20:32:35 |  INFO  form data is %s
May 14, 2024 > 20:34:06 |  INFO  form data is %s
May 15, 2024 > 13:30:23 |  WARNING  Incorrect credential AT username not matching..!
May 15, 2024 > 20:26:27 |  INFO  Request method: POST - /login API endpoint called by user: id:reddy
May 15, 2024 > 20:37:15 |  INFO  Request method: POST - /login API endpoint called by user:reddy
May 15, 2024 > 20:43:40 |  ERROR  at DELETE--no user present at id: 4 to delete..
May 16, 2024 > 12:38:15 |  INFO  Request method: POST - /login API endpoint called by user:reddy
May 16, 2024 > 12:39:17 |  INFO  Request method: POST - /login API endpoint called by user:reddy
May 16, 2024 > 12:39:33 |  INFO  Request method: POST - /login/refresh/ -API endpoint called 
May 16, 2024 > 12:40:09 |  INFO  Request method: POST - /login/refresh/ -API endpoint called 
May 16, 2024 > 12:40:20 |  INFO  Request method: POST - /login API endpoint called by user:reddy
May 16, 2024 > 12:40:38 |  INFO  Request method: POST - /login/refresh/ -API endpoint called 
May 16, 2024 > 12:40:38 |  INFO  {'access_token': 'eyJhbGciOiJIUzI1NiIsInR5cCI6IkpXVCJ9.eyJzdWIiOiJyZWRkeSIsImV4cCI6MTcxNTg0NDMzOH0.cWyvV8F5qcyY1JUBzUBt1t5FChNw4mFZh-WokrSv9Xo', 'username': 'reddy', 'token_type': 'bearer'}
May 16, 2024 > 16:20:16 |  INFO  Request method: POST - /login API endpoint called by user:anji
May 16, 2024 > 16:21:43 |  ERROR  No task found for id at 1
May 16, 2024 > 16:21:48 |  ERROR  No task found for id at 1
May 16, 2024 > 20:00:42 |  INFO  Request method: POST - /login API endpoint called by user:vijay
